[      40ms] [INFO] %cDownload the React DevTools for a better development experience: https://react.dev/link/react-devtools font-weight:bold @ http://127.0.0.1:5173/node_modules/.vite/deps/react-dom_client.js?v=0abc508d:14337
[     101ms] [ERROR] In HTML, %s cannot be a descendant of <%s>.
This will cause a hydration error.%s <button> button 

  ...
    <main className="min-w-0 lg...">
      <div className="mx-auto w-...">
        <Routes>
          <RenderedRoute match={{params:{}, ...}} routeContext={{outlet:null, ...}}>
            <Knowledge>
              <div className="flex min-h...">
                <PageIntro>
                <MindMapWorkspace focusMode={false} leftSidebar={<div>} main={<Card>} rightSidebar={<div>}>
                  <div className="grid min-h...">
                    <aside className="min-h-0 xl...">
                      <div className="space-y-3">
                        <_c className="rounded-[2...">
                          <div ref={null} className="border tex...">
                            <_c3>
                            <_c9 className="space-y-2">
                              <div ref={null} className="p-6 pt-0 s...">
>                               <button
>                                 type="button"
>                                 onClick={function onClick}
>                                 className="group flex w-full items-center gap-3 rounded-2xl border px-3 py-3 text-le..."
>                               >
                                  <div>
                                  <span>
>                                 <button
>                                   type="button"
>                                   onClick={function onClick}
>                                   className="flex h-7 w-7 shrink-0 items-center justify-center rounded-xl text-muted..."
>                                   title="编辑学科"
>                                 >
                                  ...
                        ...
                    ...
 @ http://127.0.0.1:5173/@vite/client:509
